Path to Bowtie 2 specified as: bowtie2
Bowtie seems to be working fine (tested command 'bowtie2 --version' [2.3.0])
Output format is BAM (default)
Alignments will be written out in BAM format. Samtools found here: '/usr/local/bin/samtools'
Reference genome folder provided is /Users/yaamini/Documents/project-virginica-oa/analyses/2018-04-27-Bismark/2018-04-27-Bismark-Inputs/	(absolute path is '/Users/yaamini/Documents/project-virginica-oa/analyses/2018-04-27-Bismark/2018-04-27-Bismark-Inputs/)'

Input files to be analysed (in current folder '/Users/yaamini/Documents/project-virginica-oa/analyses/2018-05-04-Bismark-Full-Samples'):
/Volumes/web/Athaliana/20180411_trimgalore_10bp_Cvirginica_MBD/zr2096_10_s1_R1_val_1.fq.gz
Supplied filename '/Volumes/web/Athaliana/20180411_trimgalore_10bp_Cvirginica_MBD/zr2096_10_s1_R2_val_1.fq.gz' does not exist, please respecify!

Path to Bowtie 2 specified as: bowtie2
Bowtie seems to be working fine (tested command 'bowtie2 --version' [2.3.0])
Output format is BAM (default)
Alignments will be written out in BAM format. Samtools found here: '/usr/local/bin/samtools'
Reference genome folder provided is /Users/yaamini/Documents/project-virginica-oa/analyses/2018-04-27-Bismark/2018-04-27-Bismark-Inputs/	(absolute path is '/Users/yaamini/Documents/project-virginica-oa/analyses/2018-04-27-Bismark/2018-04-27-Bismark-Inputs/)'

Input files to be analysed (in current folder '/Users/yaamini/Documents/project-virginica-oa/analyses/2018-05-04-Bismark-Full-Samples'):
/Volumes/web/Athaliana/20180411_trimgalore_10bp_Cvirginica_MBD/zr2096_1_s1_R1_val_1.fq.gz
Supplied filename '/Volumes/web/Athaliana/20180411_trimgalore_10bp_Cvirginica_MBD/zr2096_1_s1_R2_val_1.fq.gz' does not exist, please respecify!

Path to Bowtie 2 specified as: bowtie2
Bowtie seems to be working fine (tested command 'bowtie2 --version' [2.3.0])
Output format is BAM (default)
Alignments will be written out in BAM format. Samtools found here: '/usr/local/bin/samtools'
Reference genome folder provided is /Users/yaamini/Documents/project-virginica-oa/analyses/2018-04-27-Bismark/2018-04-27-Bismark-Inputs/	(absolute path is '/Users/yaamini/Documents/project-virginica-oa/analyses/2018-04-27-Bismark/2018-04-27-Bismark-Inputs/)'

Input files to be analysed (in current folder '/Users/yaamini/Documents/project-virginica-oa/analyses/2018-05-04-Bismark-Full-Samples'):
/Volumes/web/Athaliana/20180411_trimgalore_10bp_Cvirginica_MBD/zr2096_2_s1_R1_val_1.fq.gz
Supplied filename '/Volumes/web/Athaliana/20180411_trimgalore_10bp_Cvirginica_MBD/zr2096_2_s1_R2_val_1.fq.gz' does not exist, please respecify!

Path to Bowtie 2 specified as: bowtie2
Bowtie seems to be working fine (tested command 'bowtie2 --version' [2.3.0])
Output format is BAM (default)
Alignments will be written out in BAM format. Samtools found here: '/usr/local/bin/samtools'
Reference genome folder provided is /Users/yaamini/Documents/project-virginica-oa/analyses/2018-04-27-Bismark/2018-04-27-Bismark-Inputs/	(absolute path is '/Users/yaamini/Documents/project-virginica-oa/analyses/2018-04-27-Bismark/2018-04-27-Bismark-Inputs/)'

Input files to be analysed (in current folder '/Users/yaamini/Documents/project-virginica-oa/analyses/2018-05-04-Bismark-Full-Samples'):
/Volumes/web/Athaliana/20180411_trimgalore_10bp_Cvirginica_MBD/zr2096_3_s1_R1_val_1.fq.gz
Supplied filename '/Volumes/web/Athaliana/20180411_trimgalore_10bp_Cvirginica_MBD/zr2096_3_s1_R2_val_1.fq.gz' does not exist, please respecify!

Path to Bowtie 2 specified as: bowtie2
Bowtie seems to be working fine (tested command 'bowtie2 --version' [2.3.0])
Output format is BAM (default)
Alignments will be written out in BAM format. Samtools found here: '/usr/local/bin/samtools'
Reference genome folder provided is /Users/yaamini/Documents/project-virginica-oa/analyses/2018-04-27-Bismark/2018-04-27-Bismark-Inputs/	(absolute path is '/Users/yaamini/Documents/project-virginica-oa/analyses/2018-04-27-Bismark/2018-04-27-Bismark-Inputs/)'

Input files to be analysed (in current folder '/Users/yaamini/Documents/project-virginica-oa/analyses/2018-05-04-Bismark-Full-Samples'):
/Volumes/web/Athaliana/20180411_trimgalore_10bp_Cvirginica_MBD/zr2096_4_s1_R1_val_1.fq.gz
Supplied filename '/Volumes/web/Athaliana/20180411_trimgalore_10bp_Cvirginica_MBD/zr2096_4_s1_R2_val_1.fq.gz' does not exist, please respecify!

Path to Bowtie 2 specified as: bowtie2
Bowtie seems to be working fine (tested command 'bowtie2 --version' [2.3.0])
Output format is BAM (default)
Alignments will be written out in BAM format. Samtools found here: '/usr/local/bin/samtools'
Reference genome folder provided is /Users/yaamini/Documents/project-virginica-oa/analyses/2018-04-27-Bismark/2018-04-27-Bismark-Inputs/	(absolute path is '/Users/yaamini/Documents/project-virginica-oa/analyses/2018-04-27-Bismark/2018-04-27-Bismark-Inputs/)'

Input files to be analysed (in current folder '/Users/yaamini/Documents/project-virginica-oa/analyses/2018-05-04-Bismark-Full-Samples'):
/Volumes/web/Athaliana/20180411_trimgalore_10bp_Cvirginica_MBD/zr2096_5_s1_R1_val_1.fq.gz
Supplied filename '/Volumes/web/Athaliana/20180411_trimgalore_10bp_Cvirginica_MBD/zr2096_5_s1_R2_val_1.fq.gz' does not exist, please respecify!

Path to Bowtie 2 specified as: bowtie2
Bowtie seems to be working fine (tested command 'bowtie2 --version' [2.3.0])
Output format is BAM (default)
Alignments will be written out in BAM format. Samtools found here: '/usr/local/bin/samtools'
Reference genome folder provided is /Users/yaamini/Documents/project-virginica-oa/analyses/2018-04-27-Bismark/2018-04-27-Bismark-Inputs/	(absolute path is '/Users/yaamini/Documents/project-virginica-oa/analyses/2018-04-27-Bismark/2018-04-27-Bismark-Inputs/)'

Input files to be analysed (in current folder '/Users/yaamini/Documents/project-virginica-oa/analyses/2018-05-04-Bismark-Full-Samples'):
/Volumes/web/Athaliana/20180411_trimgalore_10bp_Cvirginica_MBD/zr2096_6_s1_R1_val_1.fq.gz
Supplied filename '/Volumes/web/Athaliana/20180411_trimgalore_10bp_Cvirginica_MBD/zr2096_6_s1_R2_val_1.fq.gz' does not exist, please respecify!

Path to Bowtie 2 specified as: bowtie2
Bowtie seems to be working fine (tested command 'bowtie2 --version' [2.3.0])
Output format is BAM (default)
Alignments will be written out in BAM format. Samtools found here: '/usr/local/bin/samtools'
Reference genome folder provided is /Users/yaamini/Documents/project-virginica-oa/analyses/2018-04-27-Bismark/2018-04-27-Bismark-Inputs/	(absolute path is '/Users/yaamini/Documents/project-virginica-oa/analyses/2018-04-27-Bismark/2018-04-27-Bismark-Inputs/)'

Input files to be analysed (in current folder '/Users/yaamini/Documents/project-virginica-oa/analyses/2018-05-04-Bismark-Full-Samples'):
/Volumes/web/Athaliana/20180411_trimgalore_10bp_Cvirginica_MBD/zr2096_7_s1_R1_val_1.fq.gz
Supplied filename '/Volumes/web/Athaliana/20180411_trimgalore_10bp_Cvirginica_MBD/zr2096_7_s1_R2_val_1.fq.gz' does not exist, please respecify!

Path to Bowtie 2 specified as: bowtie2
Bowtie seems to be working fine (tested command 'bowtie2 --version' [2.3.0])
Output format is BAM (default)
Alignments will be written out in BAM format. Samtools found here: '/usr/local/bin/samtools'
Reference genome folder provided is /Users/yaamini/Documents/project-virginica-oa/analyses/2018-04-27-Bismark/2018-04-27-Bismark-Inputs/	(absolute path is '/Users/yaamini/Documents/project-virginica-oa/analyses/2018-04-27-Bismark/2018-04-27-Bismark-Inputs/)'

Input files to be analysed (in current folder '/Users/yaamini/Documents/project-virginica-oa/analyses/2018-05-04-Bismark-Full-Samples'):
/Volumes/web/Athaliana/20180411_trimgalore_10bp_Cvirginica_MBD/zr2096_8_s1_R1_val_1.fq.gz
Supplied filename '/Volumes/web/Athaliana/20180411_trimgalore_10bp_Cvirginica_MBD/zr2096_8_s1_R2_val_1.fq.gz' does not exist, please respecify!

Path to Bowtie 2 specified as: bowtie2
Bowtie seems to be working fine (tested command 'bowtie2 --version' [2.3.0])
Output format is BAM (default)
Alignments will be written out in BAM format. Samtools found here: '/usr/local/bin/samtools'
Reference genome folder provided is /Users/yaamini/Documents/project-virginica-oa/analyses/2018-04-27-Bismark/2018-04-27-Bismark-Inputs/	(absolute path is '/Users/yaamini/Documents/project-virginica-oa/analyses/2018-04-27-Bismark/2018-04-27-Bismark-Inputs/)'

Input files to be analysed (in current folder '/Users/yaamini/Documents/project-virginica-oa/analyses/2018-05-04-Bismark-Full-Samples'):
/Volumes/web/Athaliana/20180411_trimgalore_10bp_Cvirginica_MBD/zr2096_9_s1_R1_val_1.fq.gz
Supplied filename '/Volumes/web/Athaliana/20180411_trimgalore_10bp_Cvirginica_MBD/zr2096_9_s1_R2_val_1.fq.gz' does not exist, please respecify!

